baidubodyguard/build/outputs/logs/manifest-merger-debug-report.txt
-- Merging decision tree log ---
manifest
ADDED from src\main\AndroidManifest.xml:2:1-90:12
	package
		ADDED from src\main\AndroidManifest.xml:3:5-42
		INJECTED from src\main\AndroidManifest.xml
		INJECTED from src\main\AndroidManifest.xml
	android:versionName
		INJECTED from src\main\AndroidManifest.xml
		INJECTED from src\main\AndroidManifest.xml
	xmlns:android
		ADDED from src\main\AndroidManifest.xml:2:11-69
	android:versionCode
		INJECTED from src\main\AndroidManifest.xml
		INJECTED from src\main\AndroidManifest.xml
uses-permission#android.permission.INTERNET
ADDED from src\main\AndroidManifest.xml:5:5-67
	android:name
		ADDED from src\main\AndroidManifest.xml:5:22-64
uses-permission#android.permission.ACCESS_NETWORK_STATE
ADDED from src\main\AndroidManifest.xml:6:5-79
	android:name
		ADDED from src\main\AndroidManifest.xml:6:22-76
uses-permission#android.permission.WRITE_EXTERNAL_STORAGE
ADDED from src\main\AndroidManifest.xml:8:5-81
	android:name
		ADDED from src\main\AndroidManifest.xml:8:22-78
uses-permission#android.permission.READ_CONTACTS
ADDED from src\main\AndroidManifest.xml:9:5-72
	android:name
		ADDED from src\main\AndroidManifest.xml:9:22-69
uses-permission#android.permission.WRITE_CONTACTS
ADDED from src\main\AndroidManifest.xml:10:5-73
	android:name
		ADDED from src\main\AndroidManifest.xml:10:22-70
uses-permission#android.permission.READ_EXTERNAL_STORAGE
ADDED from src\main\AndroidManifest.xml:11:5-80
	android:name
		ADDED from src\main\AndroidManifest.xml:11:22-77
uses-permission#android.permission.SEND_SMS
ADDED from src\main\AndroidManifest.xml:12:5-67
	android:name
		ADDED from src\main\AndroidManifest.xml:12:22-64
uses-permission#android.permission.READ_SMS
ADDED from src\main\AndroidManifest.xml:13:5-67
	android:name
		ADDED from src\main\AndroidManifest.xml:13:22-64
uses-permission#android.permission.WRITE_SETTINGS
ADDED from src\main\AndroidManifest.xml:14:5-73
	android:name
		ADDED from src\main\AndroidManifest.xml:14:22-70
uses-permission#android.permission.VIBRATE
ADDED from src\main\AndroidManifest.xml:15:5-66
	android:name
		ADDED from src\main\AndroidManifest.xml:15:22-63
uses-permission#android.permission.ACCESS_COARSE_LOCATION
ADDED from src\main\AndroidManifest.xml:18:5-81
	android:name
		ADDED from src\main\AndroidManifest.xml:18:22-78
uses-permission#android.permission.ACCESS_FINE_LOCATION
ADDED from src\main\AndroidManifest.xml:20:5-79
	android:name
		ADDED from src\main\AndroidManifest.xml:20:22-76
uses-permission#android.permission.ACCESS_WIFI_STATE
ADDED from src\main\AndroidManifest.xml:22:5-76
	android:name
		ADDED from src\main\AndroidManifest.xml:22:22-73
uses-permission#android.permission.CHANGE_WIFI_STATE
ADDED from src\main\AndroidManifest.xml:26:5-76
	android:name
		ADDED from src\main\AndroidManifest.xml:26:22-73
uses-permission#android.permission.READ_PHONE_STATE
ADDED from src\main\AndroidManifest.xml:28:5-75
	android:name
		ADDED from src\main\AndroidManifest.xml:28:22-72
uses-permission#android.permission.MOUNT_UNMOUNT_FILESYSTEMS
ADDED from src\main\AndroidManifest.xml:34:5-84
	android:name
		ADDED from src\main\AndroidManifest.xml:34:22-81
uses-permission#android.permission.KILL_BACKGROUND_PROCESSES
ADDED from src\main\AndroidManifest.xml:35:5-84
	android:name
		ADDED from src\main\AndroidManifest.xml:35:22-81
application
ADDED from src\main\AndroidManifest.xml:37:5-88:19
MERGED from [com.android.support:gridlayout-v7:23.3.0] AndroidManifest.xml:22:5-20
MERGED from [com.android.support:support-v4:23.3.0] AndroidManifest.xml:22:5-20
MERGED from [com.android.support:appcompat-v7:23.3.0] AndroidManifest.xml:25:5-20
MERGED from [com.android.support:support-vector-drawable:23.3.0] AndroidManifest.xml:7:5-20
MERGED from [com.android.support:support-v4:23.3.0] AndroidManifest.xml:22:5-20
MERGED from [com.android.support:animated-vector-drawable:23.3.0] AndroidManifest.xml:7:5-20
MERGED from [com.android.support:support-vector-drawable:23.3.0] AndroidManifest.xml:7:5-20
MERGED from [com.android.support:support-v4:23.3.0] AndroidManifest.xml:22:5-20
MERGED from [com.android.support:support-v4:23.3.0] AndroidManifest.xml:22:5-20
MERGED from [org.xutils:xutils:3.3.34] AndroidManifest.xml:12:5-20
MERGED from [com.android.support:support-v4:23.3.0] AndroidManifest.xml:22:5-20
MERGED from [com.android.support:appcompat-v7:23.3.0] AndroidManifest.xml:25:5-20
MERGED from [com.android.support:support-vector-drawable:23.3.0] AndroidManifest.xml:7:5-20
MERGED from [com.android.support:support-v4:23.3.0] AndroidManifest.xml:22:5-20
MERGED from [com.android.support:animated-vector-drawable:23.3.0] AndroidManifest.xml:7:5-20
MERGED from [com.android.support:support-vector-drawable:23.3.0] AndroidManifest.xml:7:5-20
MERGED from [com.android.support:support-v4:23.3.0] AndroidManifest.xml:22:5-20
MERGED from [com.android.support:support-v4:23.3.0] AndroidManifest.xml:22:5-20
MERGED from [com.android.support:design:23.3.0] AndroidManifest.xml:22:5-20
MERGED from [com.android.support:appcompat-v7:23.3.0] AndroidManifest.xml:25:5-20
MERGED from [com.android.support:support-vector-drawable:23.3.0] AndroidManifest.xml:7:5-20
MERGED from [com.android.support:support-v4:23.3.0] AndroidManifest.xml:22:5-20
MERGED from [com.android.support:animated-vector-drawable:23.3.0] AndroidManifest.xml:7:5-20
MERGED from [com.android.support:support-vector-drawable:23.3.0] AndroidManifest.xml:7:5-20
MERGED from [com.android.support:support-v4:23.3.0] AndroidManifest.xml:22:5-20
MERGED from [com.android.support:support-v4:23.3.0] AndroidManifest.xml:22:5-20
MERGED from [com.android.support:support-v4:23.3.0] AndroidManifest.xml:22:5-20
MERGED from [com.android.support:support-v4:23.3.0] AndroidManifest.xml:22:5-20
MERGED from [com.github.castorflex.smoothprogressbar:library:1.1.0] AndroidManifest.xml:12:5-20
MERGED from [com.github.castorflex.smoothprogressbar:library-circular:1.2.0] AndroidManifest.xml:12:5-20
MERGED from [com.github.premnirmal:TextCounter:1.1.0] AndroidManifest.xml:11:5-20
	android:label
		ADDED from src\main\AndroidManifest.xml:41:9-41
	android:supportsRtl
		ADDED from src\main\AndroidManifest.xml:42:9-35
	android:allowBackup
		ADDED from src\main\AndroidManifest.xml:39:9-35
	android:icon
		ADDED from src\main\AndroidManifest.xml:40:9-42
	android:theme
		ADDED from src\main\AndroidManifest.xml:43:9-40
	android:name
		ADDED from src\main\AndroidManifest.xml:38:9-38
activity#com.zzptc.LiuXiaolong.baidu.activity.Welcome
ADDED from src\main\AndroidManifest.xml:44:9-50:20
	android:name
		ADDED from src\main\AndroidManifest.xml:44:19-51
intent-filter#android.intent.action.MAIN+android.intent.category.LAUNCHER
ADDED from src\main\AndroidManifest.xml:45:13-49:29
action#android.intent.action.MAIN
ADDED from src\main\AndroidManifest.xml:46:17-69
	android:name
		ADDED from src\main\AndroidManifest.xml:46:25-66
category#android.intent.category.LAUNCHER
ADDED from src\main\AndroidManifest.xml:48:17-77
	android:name
		ADDED from src\main\AndroidManifest.xml:48:27-74
activity#com.zzptc.LiuXiaolong.baidu.MainActivity
ADDED from src\main\AndroidManifest.xml:51:9-53:86
	android:theme
		ADDED from src\main\AndroidManifest.xml:53:13-83
	android:name
		ADDED from src\main\AndroidManifest.xml:52:13-41
activity#com.zzptc.LiuXiaolong.baidu.activity.MainUI_Activity
ADDED from src\main\AndroidManifest.xml:54:9-62
	android:name
		ADDED from src\main\AndroidManifest.xml:54:19-59
activity#com.zzptc.LiuXiaolong.baidu.activity.Treasure_box
ADDED from src\main\AndroidManifest.xml:55:9-59
	android:name
		ADDED from src\main\AndroidManifest.xml:55:19-56
activity#com.zzptc.LiuXiaolong.baidu.activity.User_Center
ADDED from src\main\AndroidManifest.xml:56:9-58
	android:name
		ADDED from src\main\AndroidManifest.xml:56:19-55
activity#com.zzptc.LiuXiaolong.baidu.activity.AboutBodyGuard
ADDED from src\main\AndroidManifest.xml:57:9-61
	android:name
		ADDED from src\main\AndroidManifest.xml:57:19-58
activity#com.zzptc.LiuXiaolong.baidu.activity.Load_Version
ADDED from src\main\AndroidManifest.xml:58:9-60:51
	android:theme
		ADDED from src\main\AndroidManifest.xml:60:13-48
	android:name
		ADDED from src\main\AndroidManifest.xml:59:13-50
activity#com.zzptc.LiuXiaolong.baidu.activity.General_Setting
ADDED from src\main\AndroidManifest.xml:61:9-62
	android:name
		ADDED from src\main\AndroidManifest.xml:61:19-59
activity#com.zzptc.LiuXiaolong.baidu.activity.Parent_protect
ADDED from src\main\AndroidManifest.xml:62:9-61
	android:name
		ADDED from src\main\AndroidManifest.xml:62:19-58
activity#com.zzptc.LiuXiaolong.baidu.activity.OneKey_for_help
ADDED from src\main\AndroidManifest.xml:63:9-62
	android:name
		ADDED from src\main\AndroidManifest.xml:63:19-59
activity#com.zzptc.LiuXiaolong.baidu.activity.Search_contacts
ADDED from src\main\AndroidManifest.xml:64:9-66:59
	android:theme
		ADDED from src\main\AndroidManifest.xml:66:13-56
	android:name
		ADDED from src\main\AndroidManifest.xml:65:13-53
service#com.baidu.location.f
ADDED from src\main\AndroidManifest.xml:68:9-71:41
	android:enabled
		ADDED from src\main\AndroidManifest.xml:70:13-35
	android:process
		ADDED from src\main\AndroidManifest.xml:71:13-38
	android:name
		ADDED from src\main\AndroidManifest.xml:69:13-48
meta-data#com.baidu.lbsapi.API_KEY
ADDED from src\main\AndroidManifest.xml:73:9-75:64
	android:value
		ADDED from src\main\AndroidManifest.xml:75:13-61
	android:name
		ADDED from src\main\AndroidManifest.xml:74:13-52
receiver#com.zzptc.LiuXiaolong.baidu.receiver.ScreenReceiver
ADDED from src\main\AndroidManifest.xml:77:9-80:39
	android:enabled
		ADDED from src\main\AndroidManifest.xml:79:13-35
	android:exported
		ADDED from src\main\AndroidManifest.xml:80:13-36
	android:name
		ADDED from src\main\AndroidManifest.xml:78:13-52
service#com.zzptc.LiuXiaolong.baidu.service.LocationService
ADDED from src\main\AndroidManifest.xml:82:9-60
	android:name
		ADDED from src\main\AndroidManifest.xml:82:18-57
activity#com.zzptc.LiuXiaolong.baidu.activity.Mobile_speedup
ADDED from src\main\AndroidManifest.xml:84:9-86:47
	android:theme
		ADDED from src\main\AndroidManifest.xml:86:13-44
	android:name
		ADDED from src\main\AndroidManifest.xml:85:13-52
activity#com.zzptc.LiuXiaolong.baidu.activity.AppManager
ADDED from src\main\AndroidManifest.xml:87:9-66
	android:name
		ADDED from src\main\AndroidManifest.xml:87:19-54
uses-sdk
INJECTED from src\main\AndroidManifest.xml reason: use-sdk injection requested
MERGED from [com.android.support:gridlayout-v7:23.3.0] AndroidManifest.xml:20:5-43
MERGED from [com.android.support:support-v4:23.3.0] AndroidManifest.xml:20:5-43
MERGED from [com.android.support:appcompat-v7:23.3.0] AndroidManifest.xml:21:5-23:78
MERGED from [com.android.support:support-vector-drawable:23.3.0] AndroidManifest.xml:5:5-43
MERGED from [com.android.support:support-v4:23.3.0] AndroidManifest.xml:20:5-43
MERGED from [com.android.support:animated-vector-drawable:23.3.0] AndroidManifest.xml:5:5-44
MERGED from [com.android.support:support-vector-drawable:23.3.0] AndroidManifest.xml:5:5-43
MERGED from [com.android.support:support-v4:23.3.0] AndroidManifest.xml:20:5-43
MERGED from [com.android.support:support-v4:23.3.0] AndroidManifest.xml:20:5-43
MERGED from [org.xutils:xutils:3.3.34] AndroidManifest.xml:8:5-10:41
MERGED from [com.android.support:support-v4:23.3.0] AndroidManifest.xml:20:5-43
MERGED from [com.github.lzyzsd.randomcolor:library:1.0.0] AndroidManifest.xml:7:5-9:41
MERGED from [com.android.support:appcompat-v7:23.3.0] AndroidManifest.xml:21:5-23:78
MERGED from [com.android.support:support-vector-drawable:23.3.0] AndroidManifest.xml:5:5-43
MERGED from [com.android.support:support-v4:23.3.0] AndroidManifest.xml:20:5-43
MERGED from [com.android.support:animated-vector-drawable:23.3.0] AndroidManifest.xml:5:5-44
MERGED from [com.android.support:support-vector-drawable:23.3.0] AndroidManifest.xml:5:5-43
MERGED from [com.android.support:support-v4:23.3.0] AndroidManifest.xml:20:5-43
MERGED from [com.android.support:support-v4:23.3.0] AndroidManifest.xml:20:5-43
MERGED from [com.android.support:design:23.3.0] AndroidManifest.xml:20:5-43
MERGED from [com.android.support:appcompat-v7:23.3.0] AndroidManifest.xml:21:5-23:78
MERGED from [com.android.support:support-vector-drawable:23.3.0] AndroidManifest.xml:5:5-43
MERGED from [com.android.support:support-v4:23.3.0] AndroidManifest.xml:20:5-43
MERGED from [com.android.support:animated-vector-drawable:23.3.0] AndroidManifest.xml:5:5-44
MERGED from [com.android.support:support-vector-drawable:23.3.0] AndroidManifest.xml:5:5-43
MERGED from [com.android.support:support-v4:23.3.0] AndroidManifest.xml:20:5-43
MERGED from [com.android.support:support-v4:23.3.0] AndroidManifest.xml:20:5-43
MERGED from [com.android.support:support-v4:23.3.0] AndroidManifest.xml:20:5-43
MERGED from [com.android.support:recyclerview-v7:23.3.0] AndroidManifest.xml:20:5-43
MERGED from [com.android.support:support-v4:23.3.0] AndroidManifest.xml:20:5-43
MERGED from [com.github.castorflex.smoothprogressbar:library:1.1.0] AndroidManifest.xml:8:5-10:41
MERGED from [com.github.castorflex.smoothprogressbar:library-circular:1.2.0] AndroidManifest.xml:8:5-10:41
MERGED from [com.github.premnirmal:TextCounter:1.1.0] AndroidManifest.xml:7:5-9:41
	tools:overrideLibrary
		ADDED from [com.android.support:appcompat-v7:23.3.0] AndroidManifest.xml:23:9-75
	android:targetSdkVersion
		INJECTED from src\main\AndroidManifest.xml
		INJECTED from src\main\AndroidManifest.xml
	android:minSdkVersion
		INJECTED from src\main\AndroidManifest.xml
		INJECTED from src\main\AndroidManifest.xml